<?xml version="1.0" encoding="UTF-8"?>
<testsuite xmlns:xsi="http://www.w3.org/2001/XMLSchema-instance" xsi:noNamespaceSchemaLocation="https://maven.apache.org/surefire/maven-surefire-plugin/xsd/surefire-test-report.xsd" name="pl.piomin.services.grpc.account.AccountServicesTests" time="6.459" tests="4" errors="0" skipped="0" failures="0">
  <properties>
[...]
</properties>
  <testcase name="shouldFindByNumber" classname="pl.piomin.services.grpc.account.AccountServicesTests" time="0.809"/>
  <testcase name="shouldFindAll" classname="pl.piomin.services.grpc.account.AccountServicesTests" time="0.016"/>
  <testcase name="shouldAddAccount" classname="pl.piomin.services.grpc.account.AccountServicesTests" time="0.002"/>
  <testcase name="shouldFindByCustomer" classname="pl.piomin.services.grpc.account.AccountServicesTests" time="0.011"/>
</testsuite>